# JRE version: OpenJDK Runtime Environment Temurin-17.0.5+8 (17.0.5+8) (build 17.0.5+8)
# Java VM: OpenJDK 64-Bit Server VM Temurin-17.0.5+8 (17.0.5+8, mixed mode, tiered, compressed oops, compressed class ptrs, parallel gc, windows-amd64)
GC Precious Log:
 CPUs: 4 total, 4 available
 Memory: 8135M
 Large Page Support: Disabled
 NUMA Support: Disabled
 Compressed Oops: Enabled (32-bit)
 Alignments: Space 512K, Generation 512K, Heap 2M
 Heap Min Capacity: 100M
 Heap Initial Capacity: 100M
 Heap Max Capacity: 1G
 Pre-touch: Disabled
 Parallel Workers: 4
Heap:
 PSYoungGen      total 3072K, used 352K [0x00000000eab00000, 0x00000000eb080000, 0x0000000100000000)
  eden space 2560K, 0% used [0x00000000eab00000,0x00000000eab00000,0x00000000ead80000)
  from space 512K, 68% used [0x00000000eb000000,0x00000000eb058000,0x00000000eb080000)
  to   space 512K, 0% used [0x00000000eaf80000,0x00000000eaf80000,0x00000000eb000000)
 ParOldGen       total 442368K, used 441736K [0x00000000c0000000, 0x00000000db000000, 0x00000000eab00000)
  object space 442368K, 99% used [0x00000000c0000000,0x00000000daf620c8,0x00000000db000000)
 Metaspace       used 547649K, committed 553920K, reserved 1540096K
  class space    used 67956K, committed 70720K, reserved 1048576K
GC Heap History (20 events):
Event: 24130.307 GC heap after
{Heap after GC invocations=9113 (full 125):
 PSYoungGen      total 3072K, used 464K [0x00000000eab00000, 0x00000000eb280000, 0x0000000100000000)
  eden space 2560K, 0% used [0x00000000eab00000,0x00000000eab00000,0x00000000ead80000)
  from space 512K, 90% used [0x00000000eaf00000,0x00000000eaf74010,0x00000000eaf80000)
  to   space 1536K, 0% used [0x00000000eb100000,0x00000000eb100000,0x00000000eb280000)
 ParOldGen       total 442368K, used 437105K [0x00000000c0000000, 0x00000000db000000, 0x00000000eab00000)
  object space 442368K, 98% used [0x00000000c0000000,0x00000000daadc658,0x00000000db000000)
 Metaspace       used 547649K, committed 553920K, reserved 1540096K
  class space    used 67956K, committed 70720K, reserved 1048576K
}
Event: 24130.332 GC heap before
{Heap before GC invocations=9114 (full 125):
 PSYoungGen      total 3072K, used 3024K [0x00000000eab00000, 0x00000000eb280000, 0x0000000100000000)
  eden space 2560K, 100% used [0x00000000eab00000,0x00000000ead80000,0x00000000ead80000)
  from space 512K, 90% used [0x00000000eaf00000,0x00000000eaf74010,0x00000000eaf80000)
  to   space 1536K, 0% used [0x00000000eb100000,0x00000000eb100000,0x00000000eb280000)
 ParOldGen       total 442368K, used 437105K [0x00000000c0000000, 0x00000000db000000, 0x00000000eab00000)
  object space 442368K, 98% used [0x00000000c0000000,0x00000000daadc658,0x00000000db000000)
 Metaspace       used 547649K, committed 553920K, reserved 1540096K
  class space    used 67956K, committed 70720K, reserved 1048576K
}
Event: 24130.334 GC heap after
{Heap after GC invocations=9114 (full 125):
 PSYoungGen      total 3072K, used 480K [0x00000000eab00000, 0x00000000eb180000, 0x0000000100000000)
  eden space 2560K, 0% used [0x00000000eab00000,0x00000000eab00000,0x00000000ead80000)
  from space 512K, 93% used [0x00000000eb100000,0x00000000eb178000,0x00000000eb180000)
  to   space 1024K, 0% used [0x00000000eaf80000,0x00000000eaf80000,0x00000000eb080000)
 ParOldGen       total 442368K, used 437487K [0x00000000c0000000, 0x00000000db000000, 0x00000000eab00000)
  object space 442368K, 98% used [0x00000000c0000000,0x00000000dab3bfa8,0x00000000db000000)
 Metaspace       used 547649K, committed 553920K, reserved 1540096K
  class space    used 67956K, committed 70720K, reserved 1048576K
}
Event: 24130.349 GC heap before
{Heap before GC invocations=9115 (full 125):
 PSYoungGen      total 3072K, used 3040K [0x00000000eab00000, 0x00000000eb180000, 0x0000000100000000)
  eden space 2560K, 100% used [0x00000000eab00000,0x00000000ead80000,0x00000000ead80000)
  from space 512K, 93% used [0x00000000eb100000,0x00000000eb178000,0x00000000eb180000)
  to   space 1024K, 0% used [0x00000000eaf80000,0x00000000eaf80000,0x00000000eb080000)
 ParOldGen       total 442368K, used 437487K [0x00000000c0000000, 0x00000000db000000, 0x00000000eab00000)
  object space 442368K, 98% used [0x00000000c0000000,0x00000000dab3bfa8,0x00000000db000000)
 Metaspace       used 547649K, committed 553920K, reserved 1540096K
  class space    used 67956K, committed 70720K, reserved 1048576K
}
Event: 24130.352 GC heap after
{Heap after GC invocations=9115 (full 125):
 PSYoungGen      total 3584K, used 624K [0x00000000eab00000, 0x00000000eb180000, 0x0000000100000000)
  eden space 2560K, 0% used [0x00000000eab00000,0x00000000eab00000,0x00000000ead80000)
  from space 1024K, 60% used [0x00000000eaf80000,0x00000000eb01c010,0x00000000eb080000)
  to   space 1024K, 0% used [0x00000000eb080000,0x00000000eb080000,0x00000000eb180000)
 ParOldGen       total 442368K, used 437919K [0x00000000c0000000, 0x00000000db000000, 0x00000000eab00000)
  object space 442368K, 98% used [0x00000000c0000000,0x00000000daba7fc8,0x00000000db000000)
 Metaspace       used 547649K, committed 553920K, reserved 1540096K
  class space    used 67956K, committed 70720K, reserved 1048576K
}
Event: 24130.374 GC heap before
{Heap before GC invocations=9116 (full 125):
 PSYoungGen      total 3584K, used 3184K [0x00000000eab00000, 0x00000000eb180000, 0x0000000100000000)
  eden space 2560K, 100% used [0x00000000eab00000,0x00000000ead80000,0x00000000ead80000)
  from space 1024K, 60% used [0x00000000eaf80000,0x00000000eb01c010,0x00000000eb080000)
  to   space 1024K, 0% used [0x00000000eb080000,0x00000000eb080000,0x00000000eb180000)
 ParOldGen       total 442368K, used 437919K [0x00000000c0000000, 0x00000000db000000, 0x00000000eab00000)
  object space 442368K, 98% used [0x00000000c0000000,0x00000000daba7fc8,0x00000000db000000)
 Metaspace       used 547649K, committed 553920K, reserved 1540096K
  class space    used 67956K, committed 70720K, reserved 1048576K
}
Event: 24130.376 GC heap after
{Heap after GC invocations=9116 (full 125):
 PSYoungGen      total 3584K, used 576K [0x00000000eab00000, 0x00000000eb180000, 0x0000000100000000)
  eden space 2560K, 0% used [0x00000000eab00000,0x00000000eab00000,0x00000000ead80000)
  from space 1024K, 56% used [0x00000000eb080000,0x00000000eb110000,0x00000000eb180000)
  to   space 1024K, 0% used [0x00000000eaf80000,0x00000000eaf80000,0x00000000eb080000)
 ParOldGen       total 442368K, used 438468K [0x00000000c0000000, 0x00000000db000000, 0x00000000eab00000)
  object space 442368K, 99% used [0x00000000c0000000,0x00000000dac31228,0x00000000db000000)
 Metaspace       used 547649K, committed 553920K, reserved 1540096K
  class space    used 67956K, committed 70720K, reserved 1048576K
}
Event: 24130.401 GC heap before
{Heap before GC invocations=9117 (full 125):
 PSYoungGen      total 3584K, used 3135K [0x00000000eab00000, 0x00000000eb180000, 0x0000000100000000)
  eden space 2560K, 99% used [0x00000000eab00000,0x00000000ead7ffe8,0x00000000ead80000)
  from space 1024K, 56% used [0x00000000eb080000,0x00000000eb110000,0x00000000eb180000)
  to   space 1024K, 0% used [0x00000000eaf80000,0x00000000eaf80000,0x00000000eb080000)
 ParOldGen       total 442368K, used 438468K [0x00000000c0000000, 0x00000000db000000, 0x00000000eab00000)
  object space 442368K, 99% used [0x00000000c0000000,0x00000000dac31228,0x00000000db000000)
 Metaspace       used 547649K, committed 553920K, reserved 1540096K
  class space    used 67956K, committed 70720K, reserved 1048576K
}
Event: 24130.404 GC heap after
{Heap after GC invocations=9117 (full 125):
 PSYoungGen      total 3584K, used 624K [0x00000000eab00000, 0x00000000eb100000, 0x0000000100000000)
  eden space 2560K, 0% used [0x00000000eab00000,0x00000000eab00000,0x00000000ead80000)
  from space 1024K, 60% used [0x00000000eaf80000,0x00000000eb01c010,0x00000000eb080000)
  to   space 512K, 0% used [0x00000000eb080000,0x00000000eb080000,0x00000000eb100000)
 ParOldGen       total 442368K, used 439014K [0x00000000c0000000, 0x00000000db000000, 0x00000000eab00000)
  object space 442368K, 99% used [0x00000000c0000000,0x00000000dacb9b88,0x00000000db000000)
 Metaspace       used 547649K, committed 553920K, reserved 1540096K
  class space    used 67956K, committed 70720K, reserved 1048576K
}
Event: 24130.428 GC heap before
{Heap before GC invocations=9118 (full 125):
 PSYoungGen      total 3584K, used 3184K [0x00000000eab00000, 0x00000000eb100000, 0x0000000100000000)
  eden space 2560K, 100% used [0x00000000eab00000,0x00000000ead80000,0x00000000ead80000)
  from space 1024K, 60% used [0x00000000eaf80000,0x00000000eb01c010,0x00000000eb080000)
  to   space 512K, 0% used [0x00000000eb080000,0x00000000eb080000,0x00000000eb100000)
 ParOldGen       total 442368K, used 439014K [0x00000000c0000000, 0x00000000db000000, 0x00000000eab00000)
  object space 442368K, 99% used [0x00000000c0000000,0x00000000dacb9b88,0x00000000db000000)
 Metaspace       used 547649K, committed 553920K, reserved 1540096K
  class space    used 67956K, committed 70720K, reserved 1048576K
}
Event: 24130.431 GC heap after
{Heap after GC invocations=9118 (full 125):
 PSYoungGen      total 3072K, used 512K [0x00000000eab00000, 0x00000000eb100000, 0x0000000100000000)
  eden space 2560K, 0% used [0x00000000eab00000,0x00000000eab00000,0x00000000ead80000)
  from space 512K, 100% used [0x00000000eb080000,0x00000000eb100000,0x00000000eb100000)
  to   space 1536K, 0% used [0x00000000eae00000,0x00000000eae00000,0x00000000eaf80000)
 ParOldGen       total 442368K, used 439685K [0x00000000c0000000, 0x00000000db000000, 0x00000000eab00000)
  object space 442368K, 99% used [0x00000000c0000000,0x00000000dad614d8,0x00000000db000000)
 Metaspace       used 547649K, committed 553920K, reserved 1540096K
  class space    used 67956K, committed 70720K, reserved 1048576K
}
Event: 24130.463 GC heap before
{Heap before GC invocations=9119 (full 125):
 PSYoungGen      total 3072K, used 3072K [0x00000000eab00000, 0x00000000eb100000, 0x0000000100000000)
  eden space 2560K, 100% used [0x00000000eab00000,0x00000000ead80000,0x00000000ead80000)
  from space 512K, 100% used [0x00000000eb080000,0x00000000eb100000,0x00000000eb100000)
  to   space 1536K, 0% used [0x00000000eae00000,0x00000000eae00000,0x00000000eaf80000)
 ParOldGen       total 442368K, used 439685K [0x00000000c0000000, 0x00000000db000000, 0x00000000eab00000)
  object space 442368K, 99% used [0x00000000c0000000,0x00000000dad614d8,0x00000000db000000)
 Metaspace       used 547649K, committed 553920K, reserved 1540096K
  class space    used 67956K, committed 70720K, reserved 1048576K
}
Event: 24130.466 GC heap after
{Heap after GC invocations=9119 (full 125):
 PSYoungGen      total 4096K, used 544K [0x00000000eab00000, 0x00000000eb100000, 0x0000000100000000)
  eden space 2560K, 0% used [0x00000000eab00000,0x00000000eab00000,0x00000000ead80000)
  from space 1536K, 35% used [0x00000000eae00000,0x00000000eae88000,0x00000000eaf80000)
  to   space 1024K, 0% used [0x00000000eb000000,0x00000000eb000000,0x00000000eb100000)
 ParOldGen       total 442368K, used 440179K [0x00000000c0000000, 0x00000000db000000, 0x00000000eab00000)
  object space 442368K, 99% used [0x00000000c0000000,0x00000000daddce08,0x00000000db000000)
 Metaspace       used 547649K, committed 553920K, reserved 1540096K
  class space    used 67956K, committed 70720K, reserved 1048576K
}
Event: 24130.491 GC heap before
{Heap before GC invocations=9120 (full 125):
 PSYoungGen      total 4096K, used 3104K [0x00000000eab00000, 0x00000000eb100000, 0x0000000100000000)
  eden space 2560K, 100% used [0x00000000eab00000,0x00000000ead80000,0x00000000ead80000)
  from space 1536K, 35% used [0x00000000eae00000,0x00000000eae88000,0x00000000eaf80000)
  to   space 1024K, 0% used [0x00000000eb000000,0x00000000eb000000,0x00000000eb100000)
 ParOldGen       total 442368K, used 440179K [0x00000000c0000000, 0x00000000db000000, 0x00000000eab00000)
  object space 442368K, 99% used [0x00000000c0000000,0x00000000daddce08,0x00000000db000000)
 Metaspace       used 547649K, committed 553920K, reserved 1540096K
  class space    used 67956K, committed 70720K, reserved 1048576K
}
Event: 24130.493 GC heap after
{Heap after GC invocations=9120 (full 125):
 PSYoungGen      total 3584K, used 544K [0x00000000eab00000, 0x00000000eb100000, 0x0000000100000000)
  eden space 2560K, 0% used [0x00000000eab00000,0x00000000eab00000,0x00000000ead80000)
  from space 1024K, 53% used [0x00000000eb000000,0x00000000eb088000,0x00000000eb100000)
  to   space 1024K, 0% used [0x00000000eaf00000,0x00000000eaf00000,0x00000000eb000000)
 ParOldGen       total 442368K, used 440645K [0x00000000c0000000, 0x00000000db000000, 0x00000000eab00000)
  object space 442368K, 99% used [0x00000000c0000000,0x00000000dae51768,0x00000000db000000)
 Metaspace       used 547649K, committed 553920K, reserved 1540096K
  class space    used 67956K, committed 70720K, reserved 1048576K
}
Event: 24130.513 GC heap before
{Heap before GC invocations=9121 (full 125):
 PSYoungGen      total 3584K, used 3104K [0x00000000eab00000, 0x00000000eb100000, 0x0000000100000000)
  eden space 2560K, 100% used [0x00000000eab00000,0x00000000ead80000,0x00000000ead80000)
  from space 1024K, 53% used [0x00000000eb000000,0x00000000eb088000,0x00000000eb100000)
  to   space 1024K, 0% used [0x00000000eaf00000,0x00000000eaf00000,0x00000000eb000000)
 ParOldGen       total 442368K, used 440645K [0x00000000c0000000, 0x00000000db000000, 0x00000000eab00000)
  object space 442368K, 99% used [0x00000000c0000000,0x00000000dae51768,0x00000000db000000)
 Metaspace       used 547649K, committed 553920K, reserved 1540096K
  class space    used 67956K, committed 70720K, reserved 1048576K
}
Event: 24130.516 GC heap after
{Heap after GC invocations=9121 (full 125):
 PSYoungGen      total 3584K, used 704K [0x00000000eab00000, 0x00000000eb080000, 0x0000000100000000)
  eden space 2560K, 0% used [0x00000000eab00000,0x00000000eab00000,0x00000000ead80000)
  from space 1024K, 68% used [0x00000000eaf00000,0x00000000eafb0000,0x00000000eb000000)
  to   space 512K, 0% used [0x00000000eb000000,0x00000000eb000000,0x00000000eb080000)
 ParOldGen       total 442368K, used 441105K [0x00000000c0000000, 0x00000000db000000, 0x00000000eab00000)
  object space 442368K, 99% used [0x00000000c0000000,0x00000000daec4798,0x00000000db000000)
 Metaspace       used 547649K, committed 553920K, reserved 1540096K
  class space    used 67956K, committed 70720K, reserved 1048576K
}
Event: 24130.548 GC heap before
{Heap before GC invocations=9122 (full 125):
 PSYoungGen      total 3584K, used 3264K [0x00000000eab00000, 0x00000000eb080000, 0x0000000100000000)
  eden space 2560K, 100% used [0x00000000eab00000,0x00000000ead80000,0x00000000ead80000)
  from space 1024K, 68% used [0x00000000eaf00000,0x00000000eafb0000,0x00000000eb000000)
  to   space 512K, 0% used [0x00000000eb000000,0x00000000eb000000,0x00000000eb080000)
 ParOldGen       total 442368K, used 441105K [0x00000000c0000000, 0x00000000db000000, 0x00000000eab00000)
  object space 442368K, 99% used [0x00000000c0000000,0x00000000daec4798,0x00000000db000000)
 Metaspace       used 547649K, committed 553920K, reserved 1540096K
  class space    used 67956K, committed 70720K, reserved 1048576K
}
Event: 24130.550 GC heap after
{Heap after GC invocations=9122 (full 125):
 PSYoungGen      total 3072K, used 352K [0x00000000eab00000, 0x00000000eb080000, 0x0000000100000000)
  eden space 2560K, 0% used [0x00000000eab00000,0x00000000eab00000,0x00000000ead80000)
  from space 512K, 68% used [0x00000000eb000000,0x00000000eb058000,0x00000000eb080000)
  to   space 512K, 0% used [0x00000000eaf80000,0x00000000eaf80000,0x00000000eb000000)
 ParOldGen       total 442368K, used 441736K [0x00000000c0000000, 0x00000000db000000, 0x00000000eab00000)
  object space 442368K, 99% used [0x00000000c0000000,0x00000000daf620c8,0x00000000db000000)
 Metaspace       used 547649K, committed 553920K, reserved 1540096K
  class space    used 67956K, committed 70720K, reserved 1048576K
}
Event: 24130.550 GC heap before
{Heap before GC invocations=9123 (full 126):
 PSYoungGen      total 3072K, used 352K [0x00000000eab00000, 0x00000000eb080000, 0x0000000100000000)
  eden space 2560K, 0% used [0x00000000eab00000,0x00000000eab00000,0x00000000ead80000)
  from space 512K, 68% used [0x00000000eb000000,0x00000000eb058000,0x00000000eb080000)
  to   space 512K, 0% used [0x00000000eaf80000,0x00000000eaf80000,0x00000000eb000000)
 ParOldGen       total 442368K, used 441736K [0x00000000c0000000, 0x00000000db000000, 0x00000000eab00000)
  object space 442368K, 99% used [0x00000000c0000000,0x00000000daf620c8,0x00000000db000000)
 Metaspace       used 547649K, committed 553920K, reserved 1540096K
  class space    used 67956K, committed 70720K, reserved 1048576K
}

