# JRE version: OpenJDK Runtime Environment Temurin-17.0.5+8 (17.0.5+8) (build 17.0.5+8)
# Java VM: OpenJDK 64-Bit Server VM Temurin-17.0.5+8 (17.0.5+8, mixed mode, tiered, compressed oops, compressed class ptrs, parallel gc, windows-amd64)
GC Precious Log:
 CPUs: 4 total, 4 available
 Memory: 8135M
 Large Page Support: Disabled
 NUMA Support: Disabled
 Compressed Oops: Enabled (32-bit)
 Alignments: Space 512K, Generation 512K, Heap 2M
 Heap Min Capacity: 100M
 Heap Initial Capacity: 100M
 Heap Max Capacity: 1G
 Pre-touch: Disabled
 Parallel Workers: 4
Heap:
 PSYoungGen      total 22528K, used 483K [0x00000000eab00000, 0x00000000ec780000, 0x0000000100000000)
  eden space 22016K, 0% used [0x00000000eab00000,0x00000000eab00000,0x00000000ec080000)
  from space 512K, 94% used [0x00000000ec300000,0x00000000ec378ee8,0x00000000ec380000)
  to   space 2560K, 0% used [0x00000000ec080000,0x00000000ec080000,0x00000000ec300000)
 ParOldGen       total 394752K, used 394470K [0x00000000c0000000, 0x00000000d8180000, 0x00000000eab00000)
  object space 394752K, 99% used [0x00000000c0000000,0x00000000d8139b20,0x00000000d8180000)
 Metaspace       used 148666K, committed 150720K, reserved 1187840K
  class space    used 15513K, committed 16512K, reserved 1048576K
GC Heap History (20 events):
Event: 15108.347 GC heap after
{Heap after GC invocations=8527 (full 169):
 PSYoungGen      total 11264K, used 860K [0x00000000eab00000, 0x00000000eb900000, 0x0000000100000000)
  eden space 10240K, 0% used [0x00000000eab00000,0x00000000eab00000,0x00000000eb500000)
  from space 1024K, 83% used [0x00000000eb500000,0x00000000eb5d7050,0x00000000eb600000)
  to   space 1024K, 0% used [0x00000000eb800000,0x00000000eb800000,0x00000000eb900000)
 ParOldGen       total 394752K, used 387272K [0x00000000c0000000, 0x00000000d8180000, 0x00000000eab00000)
  object space 394752K, 98% used [0x00000000c0000000,0x00000000d7a32188,0x00000000d8180000)
 Metaspace       used 148664K, committed 150720K, reserved 1187840K
  class space    used 15513K, committed 16512K, reserved 1048576K
}
Event: 15108.507 GC heap before
{Heap before GC invocations=8528 (full 169):
 PSYoungGen      total 11264K, used 11100K [0x00000000eab00000, 0x00000000eb900000, 0x0000000100000000)
  eden space 10240K, 100% used [0x00000000eab00000,0x00000000eb500000,0x00000000eb500000)
  from space 1024K, 83% used [0x00000000eb500000,0x00000000eb5d7050,0x00000000eb600000)
  to   space 1024K, 0% used [0x00000000eb800000,0x00000000eb800000,0x00000000eb900000)
 ParOldGen       total 394752K, used 387272K [0x00000000c0000000, 0x00000000d8180000, 0x00000000eab00000)
  object space 394752K, 98% used [0x00000000c0000000,0x00000000d7a32188,0x00000000d8180000)
 Metaspace       used 148664K, committed 150720K, reserved 1187840K
  class space    used 15513K, committed 16512K, reserved 1048576K
}
Event: 15108.600 GC heap after
{Heap after GC invocations=8528 (full 169):
 PSYoungGen      total 13312K, used 848K [0x00000000eab00000, 0x00000000eb900000, 0x0000000100000000)
  eden space 12288K, 0% used [0x00000000eab00000,0x00000000eab00000,0x00000000eb700000)
  from space 1024K, 82% used [0x00000000eb800000,0x00000000eb8d4010,0x00000000eb900000)
  to   space 1024K, 0% used [0x00000000eb700000,0x00000000eb700000,0x00000000eb800000)
 ParOldGen       total 394752K, used 387634K [0x00000000c0000000, 0x00000000d8180000, 0x00000000eab00000)
  object space 394752K, 98% used [0x00000000c0000000,0x00000000d7a8ca88,0x00000000d8180000)
 Metaspace       used 148664K, committed 150720K, reserved 1187840K
  class space    used 15513K, committed 16512K, reserved 1048576K
}
Event: 15108.721 GC heap before
{Heap before GC invocations=8529 (full 169):
 PSYoungGen      total 13312K, used 13136K [0x00000000eab00000, 0x00000000eb900000, 0x0000000100000000)
  eden space 12288K, 100% used [0x00000000eab00000,0x00000000eb700000,0x00000000eb700000)
  from space 1024K, 82% used [0x00000000eb800000,0x00000000eb8d4010,0x00000000eb900000)
  to   space 1024K, 0% used [0x00000000eb700000,0x00000000eb700000,0x00000000eb800000)
 ParOldGen       total 394752K, used 387634K [0x00000000c0000000, 0x00000000d8180000, 0x00000000eab00000)
  object space 394752K, 98% used [0x00000000c0000000,0x00000000d7a8ca88,0x00000000d8180000)
 Metaspace       used 148664K, committed 150720K, reserved 1187840K
  class space    used 15513K, committed 16512K, reserved 1048576K
}
Event: 15108.809 GC heap after
{Heap after GC invocations=8529 (full 169):
 PSYoungGen      total 13312K, used 592K [0x00000000eab00000, 0x00000000ebb80000, 0x0000000100000000)
  eden space 12288K, 0% used [0x00000000eab00000,0x00000000eab00000,0x00000000eb700000)
  from space 1024K, 57% used [0x00000000eb700000,0x00000000eb794010,0x00000000eb800000)
  to   space 1024K, 0% used [0x00000000eba80000,0x00000000eba80000,0x00000000ebb80000)
 ParOldGen       total 394752K, used 388375K [0x00000000c0000000, 0x00000000d8180000, 0x00000000eab00000)
  object space 394752K, 98% used [0x00000000c0000000,0x00000000d7b45ca8,0x00000000d8180000)
 Metaspace       used 148664K, committed 150720K, reserved 1187840K
  class space    used 15513K, committed 16512K, reserved 1048576K
}
Event: 15108.887 GC heap before
{Heap before GC invocations=8530 (full 169):
 PSYoungGen      total 13312K, used 12880K [0x00000000eab00000, 0x00000000ebb80000, 0x0000000100000000)
  eden space 12288K, 100% used [0x00000000eab00000,0x00000000eb700000,0x00000000eb700000)
  from space 1024K, 57% used [0x00000000eb700000,0x00000000eb794010,0x00000000eb800000)
  to   space 1024K, 0% used [0x00000000eba80000,0x00000000eba80000,0x00000000ebb80000)
 ParOldGen       total 394752K, used 388375K [0x00000000c0000000, 0x00000000d8180000, 0x00000000eab00000)
  object space 394752K, 98% used [0x00000000c0000000,0x00000000d7b45ca8,0x00000000d8180000)
 Metaspace       used 148664K, committed 150720K, reserved 1187840K
  class space    used 15513K, committed 16512K, reserved 1048576K
}
Event: 15109.014 GC heap after
{Heap after GC invocations=8530 (full 169):
 PSYoungGen      total 14336K, used 1024K [0x00000000eab00000, 0x00000000ebe80000, 0x0000000100000000)
  eden space 13312K, 0% used [0x00000000eab00000,0x00000000eab00000,0x00000000eb800000)
  from space 1024K, 100% used [0x00000000eba80000,0x00000000ebb80000,0x00000000ebb80000)
  to   space 2560K, 0% used [0x00000000eb800000,0x00000000eb800000,0x00000000eba80000)
 ParOldGen       total 394752K, used 389533K [0x00000000c0000000, 0x00000000d8180000, 0x00000000eab00000)
  object space 394752K, 98% used [0x00000000c0000000,0x00000000d7c677e8,0x00000000d8180000)
 Metaspace       used 148664K, committed 150720K, reserved 1187840K
  class space    used 15513K, committed 16512K, reserved 1048576K
}
Event: 15109.245 GC heap before
{Heap before GC invocations=8531 (full 169):
 PSYoungGen      total 14336K, used 14336K [0x00000000eab00000, 0x00000000ebe80000, 0x0000000100000000)
  eden space 13312K, 100% used [0x00000000eab00000,0x00000000eb800000,0x00000000eb800000)
  from space 1024K, 100% used [0x00000000eba80000,0x00000000ebb80000,0x00000000ebb80000)
  to   space 2560K, 0% used [0x00000000eb800000,0x00000000eb800000,0x00000000eba80000)
 ParOldGen       total 394752K, used 389533K [0x00000000c0000000, 0x00000000d8180000, 0x00000000eab00000)
  object space 394752K, 98% used [0x00000000c0000000,0x00000000d7c677e8,0x00000000d8180000)
 Metaspace       used 148665K, committed 150720K, reserved 1187840K
  class space    used 15513K, committed 16512K, reserved 1048576K
}
Event: 15109.923 GC heap after
{Heap after GC invocations=8531 (full 169):
 PSYoungGen      total 15872K, used 1947K [0x00000000eab00000, 0x00000000ebf00000, 0x0000000100000000)
  eden space 13312K, 0% used [0x00000000eab00000,0x00000000eab00000,0x00000000eb800000)
  from space 2560K, 76% used [0x00000000eb800000,0x00000000eb9e6ec0,0x00000000eba80000)
  to   space 2048K, 0% used [0x00000000ebd00000,0x00000000ebd00000,0x00000000ebf00000)
 ParOldGen       total 394752K, used 390572K [0x00000000c0000000, 0x00000000d8180000, 0x00000000eab00000)
  object space 394752K, 98% used [0x00000000c0000000,0x00000000d7d6b0f8,0x00000000d8180000)
 Metaspace       used 148665K, committed 150720K, reserved 1187840K
  class space    used 15513K, committed 16512K, reserved 1048576K
}
Event: 15110.262 GC heap before
{Heap before GC invocations=8532 (full 169):
 PSYoungGen      total 15872K, used 15259K [0x00000000eab00000, 0x00000000ebf00000, 0x0000000100000000)
  eden space 13312K, 100% used [0x00000000eab00000,0x00000000eb800000,0x00000000eb800000)
  from space 2560K, 76% used [0x00000000eb800000,0x00000000eb9e6ec0,0x00000000eba80000)
  to   space 2048K, 0% used [0x00000000ebd00000,0x00000000ebd00000,0x00000000ebf00000)
 ParOldGen       total 394752K, used 390572K [0x00000000c0000000, 0x00000000d8180000, 0x00000000eab00000)
  object space 394752K, 98% used [0x00000000c0000000,0x00000000d7d6b0f8,0x00000000d8180000)
 Metaspace       used 148665K, committed 150720K, reserved 1187840K
  class space    used 15513K, committed 16512K, reserved 1048576K
}
Event: 15110.444 GC heap after
{Heap after GC invocations=8532 (full 169):
 PSYoungGen      total 17408K, used 896K [0x00000000eab00000, 0x00000000ebe00000, 0x0000000100000000)
  eden space 16384K, 0% used [0x00000000eab00000,0x00000000eab00000,0x00000000ebb00000)
  from space 1024K, 87% used [0x00000000ebd00000,0x00000000ebde0000,0x00000000ebe00000)
  to   space 1536K, 0% used [0x00000000ebb00000,0x00000000ebb00000,0x00000000ebc80000)
 ParOldGen       total 394752K, used 391012K [0x00000000c0000000, 0x00000000d8180000, 0x00000000eab00000)
  object space 394752K, 99% used [0x00000000c0000000,0x00000000d7dd90f8,0x00000000d8180000)
 Metaspace       used 148665K, committed 150720K, reserved 1187840K
  class space    used 15513K, committed 16512K, reserved 1048576K
}
Event: 15110.905 GC heap before
{Heap before GC invocations=8533 (full 169):
 PSYoungGen      total 17408K, used 17280K [0x00000000eab00000, 0x00000000ebe00000, 0x0000000100000000)
  eden space 16384K, 100% used [0x00000000eab00000,0x00000000ebb00000,0x00000000ebb00000)
  from space 1024K, 87% used [0x00000000ebd00000,0x00000000ebde0000,0x00000000ebe00000)
  to   space 1536K, 0% used [0x00000000ebb00000,0x00000000ebb00000,0x00000000ebc80000)
 ParOldGen       total 394752K, used 391012K [0x00000000c0000000, 0x00000000d8180000, 0x00000000eab00000)
  object space 394752K, 99% used [0x00000000c0000000,0x00000000d7dd90f8,0x00000000d8180000)
 Metaspace       used 148665K, committed 150720K, reserved 1187840K
  class space    used 15513K, committed 16512K, reserved 1048576K
}
Event: 15111.063 GC heap after
{Heap after GC invocations=8533 (full 169):
 PSYoungGen      total 17920K, used 1424K [0x00000000eab00000, 0x00000000ec180000, 0x0000000100000000)
  eden space 16384K, 0% used [0x00000000eab00000,0x00000000eab00000,0x00000000ebb00000)
  from space 1536K, 92% used [0x00000000ebb00000,0x00000000ebc64010,0x00000000ebc80000)
  to   space 1536K, 0% used [0x00000000ec000000,0x00000000ec000000,0x00000000ec180000)
 ParOldGen       total 394752K, used 391782K [0x00000000c0000000, 0x00000000d8180000, 0x00000000eab00000)
  object space 394752K, 99% used [0x00000000c0000000,0x00000000d7e99a18,0x00000000d8180000)
 Metaspace       used 148665K, committed 150720K, reserved 1187840K
  class space    used 15513K, committed 16512K, reserved 1048576K
}
Event: 15111.225 GC heap before
{Heap before GC invocations=8534 (full 169):
 PSYoungGen      total 17920K, used 17808K [0x00000000eab00000, 0x00000000ec180000, 0x0000000100000000)
  eden space 16384K, 100% used [0x00000000eab00000,0x00000000ebb00000,0x00000000ebb00000)
  from space 1536K, 92% used [0x00000000ebb00000,0x00000000ebc64010,0x00000000ebc80000)
  to   space 1536K, 0% used [0x00000000ec000000,0x00000000ec000000,0x00000000ec180000)
 ParOldGen       total 394752K, used 391782K [0x00000000c0000000, 0x00000000d8180000, 0x00000000eab00000)
  object space 394752K, 99% used [0x00000000c0000000,0x00000000d7e99a18,0x00000000d8180000)
 Metaspace       used 148666K, committed 150720K, reserved 1187840K
  class space    used 15513K, committed 16512K, reserved 1048576K
}
Event: 15111.621 GC heap after
{Heap after GC invocations=8534 (full 169):
 PSYoungGen      total 20480K, used 192K [0x00000000eab00000, 0x00000000ec080000, 0x0000000100000000)
  eden space 19968K, 0% used [0x00000000eab00000,0x00000000eab00000,0x00000000ebe80000)
  from space 512K, 37% used [0x00000000ec000000,0x00000000ec030000,0x00000000ec080000)
  to   space 1024K, 0% used [0x00000000ebe80000,0x00000000ebe80000,0x00000000ebf80000)
 ParOldGen       total 394752K, used 393043K [0x00000000c0000000, 0x00000000d8180000, 0x00000000eab00000)
  object space 394752K, 99% used [0x00000000c0000000,0x00000000d7fd4c38,0x00000000d8180000)
 Metaspace       used 148666K, committed 150720K, reserved 1187840K
  class space    used 15513K, committed 16512K, reserved 1048576K
}
Event: 15112.817 GC heap before
{Heap before GC invocations=8535 (full 169):
 PSYoungGen      total 20480K, used 20160K [0x00000000eab00000, 0x00000000ec080000, 0x0000000100000000)
  eden space 19968K, 100% used [0x00000000eab00000,0x00000000ebe80000,0x00000000ebe80000)
  from space 512K, 37% used [0x00000000ec000000,0x00000000ec030000,0x00000000ec080000)
  to   space 1024K, 0% used [0x00000000ebe80000,0x00000000ebe80000,0x00000000ebf80000)
 ParOldGen       total 394752K, used 393043K [0x00000000c0000000, 0x00000000d8180000, 0x00000000eab00000)
  object space 394752K, 99% used [0x00000000c0000000,0x00000000d7fd4c38,0x00000000d8180000)
 Metaspace       used 148666K, committed 150720K, reserved 1187840K
  class space    used 15513K, committed 16512K, reserved 1048576K
}
Event: 15113.229 GC heap after
{Heap after GC invocations=8535 (full 169):
 PSYoungGen      total 20992K, used 208K [0x00000000eab00000, 0x00000000ec380000, 0x0000000100000000)
  eden space 19968K, 0% used [0x00000000eab00000,0x00000000eab00000,0x00000000ebe80000)
  from space 1024K, 20% used [0x00000000ebe80000,0x00000000ebeb4010,0x00000000ebf80000)
  to   space 512K, 0% used [0x00000000ec300000,0x00000000ec300000,0x00000000ec380000)
 ParOldGen       total 394752K, used 393163K [0x00000000c0000000, 0x00000000d8180000, 0x00000000eab00000)
  object space 394752K, 99% used [0x00000000c0000000,0x00000000d7ff2c38,0x00000000d8180000)
 Metaspace       used 148666K, committed 150720K, reserved 1187840K
  class space    used 15513K, committed 16512K, reserved 1048576K
}
Event: 15115.021 GC heap before
{Heap before GC invocations=8536 (full 169):
 PSYoungGen      total 20992K, used 20176K [0x00000000eab00000, 0x00000000ec380000, 0x0000000100000000)
  eden space 19968K, 100% used [0x00000000eab00000,0x00000000ebe80000,0x00000000ebe80000)
  from space 1024K, 20% used [0x00000000ebe80000,0x00000000ebeb4010,0x00000000ebf80000)
  to   space 512K, 0% used [0x00000000ec300000,0x00000000ec300000,0x00000000ec380000)
 ParOldGen       total 394752K, used 393163K [0x00000000c0000000, 0x00000000d8180000, 0x00000000eab00000)
  object space 394752K, 99% used [0x00000000c0000000,0x00000000d7ff2c38,0x00000000d8180000)
 Metaspace       used 148666K, committed 150720K, reserved 1187840K
  class space    used 15513K, committed 16512K, reserved 1048576K
}
Event: 15115.546 GC heap after
{Heap after GC invocations=8536 (full 169):
 PSYoungGen      total 22528K, used 483K [0x00000000eab00000, 0x00000000ec780000, 0x0000000100000000)
  eden space 22016K, 0% used [0x00000000eab00000,0x00000000eab00000,0x00000000ec080000)
  from space 512K, 94% used [0x00000000ec300000,0x00000000ec378ee8,0x00000000ec380000)
  to   space 2560K, 0% used [0x00000000ec080000,0x00000000ec080000,0x00000000ec300000)
 ParOldGen       total 394752K, used 394470K [0x00000000c0000000, 0x00000000d8180000, 0x00000000eab00000)
  object space 394752K, 99% used [0x00000000c0000000,0x00000000d8139b20,0x00000000d8180000)
 Metaspace       used 148666K, committed 150720K, reserved 1187840K
  class space    used 15513K, committed 16512K, reserved 1048576K
}
Event: 15115.546 GC heap before
{Heap before GC invocations=8537 (full 170):
 PSYoungGen      total 22528K, used 483K [0x00000000eab00000, 0x00000000ec780000, 0x0000000100000000)
  eden space 22016K, 0% used [0x00000000eab00000,0x00000000eab00000,0x00000000ec080000)
  from space 512K, 94% used [0x00000000ec300000,0x00000000ec378ee8,0x00000000ec380000)
  to   space 2560K, 0% used [0x00000000ec080000,0x00000000ec080000,0x00000000ec300000)
 ParOldGen       total 394752K, used 394470K [0x00000000c0000000, 0x00000000d8180000, 0x00000000eab00000)
  object space 394752K, 99% used [0x00000000c0000000,0x00000000d8139b20,0x00000000d8180000)
 Metaspace       used 148666K, committed 150720K, reserved 1187840K
  class space    used 15513K, committed 16512K, reserved 1048576K
}

